<?xml version="1.0" encoding="UTF-8"?>
<testng-results skipped="0" failed="1" ignored="0" total="1" passed="0">
  <reporter-output>
  </reporter-output>
  <suite name="Default suite" duration-ms="10878" started-at="2018-02-07T01:22:46Z" finished-at="2018-02-07T01:22:57Z">
    <groups>
    </groups>
    <test name="Default test" duration-ms="10878" started-at="2018-02-07T01:22:46Z" finished-at="2018-02-07T01:22:57Z">
      <class name="com.org.TripAdvisor.TripAdvisor_Automation.FlightOrder">
        <test-method status="PASS" signature="PreReq()[pri:0, instance:com.org.TripAdvisor.TripAdvisor_Automation.FlightOrder@3e6fa38a]" name="PreReq" is-config="true" duration-ms="4849" started-at="2018-02-06T17:22:46Z" finished-at="2018-02-06T17:22:51Z">
          <reporter-output>
          </reporter-output>
        </test-method> <!-- PreReq -->
        <test-method status="FAIL" signature="TestCase2()[pri:0, instance:com.org.TripAdvisor.TripAdvisor_Automation.FlightOrder@3e6fa38a]" name="TestCase2" duration-ms="6011" started-at="2018-02-06T17:22:51Z" finished-at="2018-02-06T17:22:57Z">
          <exception class="org.sikuli.script.FindFailed">
            <message>
              <![CDATA[C:/Users/neelk/workspace/TripAdvisor_Automation/Screenshots/Flights_Btn.JPG: (73x29) in S(0)[0,0 1920x1080] E:Y, T:3.0]]>
            </message>
            <full-stacktrace>
              <![CDATA[FindFailed: C:/Users/neelk/workspace/TripAdvisor_Automation/Screenshots/Flights_Btn.JPG: (73x29) in S(0)[0,0 1920x1080] E:Y, T:3.0
  Line 2759, in file Region.java

	at org.sikuli.script.Region.wait(Region.java:2759)
	at org.sikuli.script.Region.find(Region.java:2336)
	at org.sikuli.script.Region.getLocationFromTarget(Region.java:3213)
	at org.sikuli.script.Region.click(Region.java:3698)
	at org.sikuli.script.Region.click(Region.java:3683)
	at com.org.TripAdvisor.TripAdvisor_Automation.FlightOrder.TestCase2(FlightOrder.java:53)
	at sun.reflect.NativeMethodAccessorImpl.invoke0(Native Method)
	at sun.reflect.NativeMethodAccessorImpl.invoke(NativeMethodAccessorImpl.java:62)
	at sun.reflect.DelegatingMethodAccessorImpl.invoke(DelegatingMethodAccessorImpl.java:43)
	at java.lang.reflect.Method.invoke(Method.java:498)
	at org.testng.internal.MethodInvocationHelper.invokeMethod(MethodInvocationHelper.java:108)
	at org.testng.internal.Invoker.invokeMethod(Invoker.java:669)
	at org.testng.internal.Invoker.invokeTestMethod(Invoker.java:877)
	at org.testng.internal.Invoker.invokeTestMethods(Invoker.java:1201)
	at org.testng.internal.TestMethodWorker.invokeTestMethods(TestMethodWorker.java:125)
	at org.testng.internal.TestMethodWorker.run(TestMethodWorker.java:109)
	at org.testng.TestRunner.privateRun(TestRunner.java:776)
	at org.testng.TestRunner.run(TestRunner.java:634)
	at org.testng.SuiteRunner.runTest(SuiteRunner.java:425)
	at org.testng.SuiteRunner.runSequentially(SuiteRunner.java:420)
	at org.testng.SuiteRunner.privateRun(SuiteRunner.java:385)
	at org.testng.SuiteRunner.run(SuiteRunner.java:334)
	at org.testng.SuiteRunnerWorker.runSuite(SuiteRunnerWorker.java:52)
	at org.testng.SuiteRunnerWorker.run(SuiteRunnerWorker.java:86)
	at org.testng.TestNG.runSuitesSequentially(TestNG.java:1318)
	at org.testng.TestNG.runSuitesLocally(TestNG.java:1243)
	at org.testng.TestNG.runSuites(TestNG.java:1161)
	at org.testng.TestNG.run(TestNG.java:1129)
	at org.testng.remote.AbstractRemoteTestNG.run(AbstractRemoteTestNG.java:114)
	at org.testng.remote.RemoteTestNG.initAndRun(RemoteTestNG.java:251)
	at org.testng.remote.RemoteTestNG.main(RemoteTestNG.java:77)
]]>
            </full-stacktrace>
          </exception> <!-- org.sikuli.script.FindFailed -->
          <reporter-output>
          </reporter-output>
        </test-method> <!-- TestCase2 -->
      </class> <!-- com.org.TripAdvisor.TripAdvisor_Automation.FlightOrder -->
    </test> <!-- Default test -->
  </suite> <!-- Default suite -->
</testng-results>
